0 info it worked if it ends with ok
1 verbose cli [ '/usr/local/bin/node',
1 verbose cli   '/usr/local/bin/npm',
1 verbose cli   'run',
1 verbose cli   'browserify' ]
2 info using npm@3.10.10
3 info using node@v6.10.0
4 verbose run-script [ 'prebrowserify', 'browserify', 'postbrowserify' ]
5 info lifecycle json-editor@0.7.28~prebrowserify: json-editor@0.7.28
6 silly lifecycle json-editor@0.7.28~prebrowserify: no script for prebrowserify, continuing
7 info lifecycle json-editor@0.7.28~browserify: json-editor@0.7.28
8 verbose lifecycle json-editor@0.7.28~browserify: unsafe-perm in lifecycle true
9 verbose lifecycle json-editor@0.7.28~browserify: PATH: /usr/local/lib/node_modules/npm/bin/node-gyp-bin:/Users/niehaus/Nextcloud/Javascript/JSONEditor/json-editor/node_modules/.bin:/usr/local/bin:/usr/bin:/bin:/usr/sbin:/sbin:/opt/X11/bin:/Library/TeX/texbin
10 verbose lifecycle json-editor@0.7.28~browserify: CWD: /Users/niehaus/Nextcloud/Javascript/JSONEditor/json-editor
11 silly lifecycle json-editor@0.7.28~browserify: Args: [ '-c', 'browserify src/jsoneditor.js -o dist/test.js' ]
12 silly lifecycle json-editor@0.7.28~browserify: Returned: code: 1  signal: null
13 info lifecycle json-editor@0.7.28~browserify: Failed to exec browserify script
14 verbose stack Error: json-editor@0.7.28 browserify: `browserify src/jsoneditor.js -o dist/test.js`
14 verbose stack Exit status 1
14 verbose stack     at EventEmitter.<anonymous> (/usr/local/lib/node_modules/npm/lib/utils/lifecycle.js:255:16)
14 verbose stack     at emitTwo (events.js:106:13)
14 verbose stack     at EventEmitter.emit (events.js:191:7)
14 verbose stack     at ChildProcess.<anonymous> (/usr/local/lib/node_modules/npm/lib/utils/spawn.js:40:14)
14 verbose stack     at emitTwo (events.js:106:13)
14 verbose stack     at ChildProcess.emit (events.js:191:7)
14 verbose stack     at maybeClose (internal/child_process.js:877:16)
14 verbose stack     at Process.ChildProcess._handle.onexit (internal/child_process.js:226:5)
15 verbose pkgid json-editor@0.7.28
16 verbose cwd /Users/niehaus/Nextcloud/Javascript/JSONEditor/json-editor
17 error Darwin 16.7.0
18 error argv "/usr/local/bin/node" "/usr/local/bin/npm" "run" "browserify"
19 error node v6.10.0
20 error npm  v3.10.10
21 error code ELIFECYCLE
22 error json-editor@0.7.28 browserify: `browserify src/jsoneditor.js -o dist/test.js`
22 error Exit status 1
23 error Failed at the json-editor@0.7.28 browserify script 'browserify src/jsoneditor.js -o dist/test.js'.
23 error Make sure you have the latest version of node.js and npm installed.
23 error If you do, this is most likely a problem with the json-editor package,
23 error not with npm itself.
23 error Tell the author that this fails on your system:
23 error     browserify src/jsoneditor.js -o dist/test.js
23 error You can get information on how to open an issue for this project with:
23 error     npm bugs json-editor
23 error Or if that isn't available, you can get their info via:
23 error     npm owner ls json-editor
23 error There is likely additional logging output above.
24 verbose exit [ 1, true ]
